<?xml version="1.0" encoding="UTF-8"?>
<!-- Generated by org.testng.reporters.JUnitReportReporter -->
<testsuite hostname="sapc024" name="my.samples.searchGoogleTest" tests="4" failures="0" timestamp="19 Jul 2016 15:03:31 GMT" time="17.700" errors="0">
  <testcase name="method" time="4.194" classname="my.samples.searchGoogleTest"/>
  <testcase name="method" time="4.390" classname="my.samples.searchGoogleTest"/>
  <testcase name="method" time="5.068" classname="my.samples.searchGoogleTest"/>
  <testcase name="method" time="4.048" classname="my.samples.searchGoogleTest"/>
</testsuite> <!-- my.samples.searchGoogleTest -->
